{"/Users/wangdi/Documents/dev/pr-app/src/engine/conditions.ts": {"path":"/Users/wangdi/Documents/dev/pr-app/src/engine/conditions.ts","all":false,"statementMap":{"2":{"start":{"line":3,"column":0},"end":{"line":3,"column":62}},"3":{"start":{"line":4,"column":0},"end":{"line":4,"column":22}},"4":{"start":{"line":5,"column":0},"end":{"line":5,"column":1}},"6":{"start":{"line":7,"column":0},"end":{"line":7,"column":80}},"7":{"start":{"line":8,"column":0},"end":{"line":8,"column":26}},"8":{"start":{"line":9,"column":0},"end":{"line":9,"column":43}},"9":{"start":{"line":10,"column":0},"end":{"line":10,"column":3}},"10":{"start":{"line":11,"column":0},"end":{"line":11,"column":37}},"11":{"start":{"line":12,"column":0},"end":{"line":12,"column":1}},"13":{"start":{"line":14,"column":0},"end":{"line":14,"column":78}},"14":{"start":{"line":15,"column":0},"end":{"line":15,"column":30}},"15":{"start":{"line":16,"column":0},"end":{"line":16,"column":23}},"17":{"start":{"line":18,"column":0},"end":{"line":18,"column":36}},"19":{"start":{"line":20,"column":0},"end":{"line":20,"column":20}},"20":{"start":{"line":21,"column":0},"end":{"line":21,"column":14}},"21":{"start":{"line":22,"column":0},"end":{"line":22,"column":22}},"22":{"start":{"line":23,"column":0},"end":{"line":23,"column":14}},"23":{"start":{"line":24,"column":0},"end":{"line":24,"column":22}},"24":{"start":{"line":25,"column":0},"end":{"line":25,"column":13}},"25":{"start":{"line":26,"column":0},"end":{"line":26,"column":72}},"26":{"start":{"line":27,"column":0},"end":{"line":27,"column":14}},"27":{"start":{"line":28,"column":0},"end":{"line":28,"column":73}},"28":{"start":{"line":29,"column":0},"end":{"line":29,"column":13}},"29":{"start":{"line":30,"column":0},"end":{"line":30,"column":72}},"30":{"start":{"line":31,"column":0},"end":{"line":31,"column":14}},"31":{"start":{"line":32,"column":0},"end":{"line":32,"column":73}},"32":{"start":{"line":33,"column":0},"end":{"line":33,"column":14}},"33":{"start":{"line":34,"column":0},"end":{"line":34,"column":64}},"34":{"start":{"line":35,"column":0},"end":{"line":35,"column":20}},"35":{"start":{"line":36,"column":0},"end":{"line":36,"column":64}},"36":{"start":{"line":37,"column":0},"end":{"line":37,"column":3}},"37":{"start":{"line":38,"column":0},"end":{"line":38,"column":1}},"39":{"start":{"line":40,"column":0},"end":{"line":40,"column":80}},"40":{"start":{"line":41,"column":0},"end":{"line":41,"column":82}},"41":{"start":{"line":42,"column":0},"end":{"line":42,"column":81}},"42":{"start":{"line":43,"column":0},"end":{"line":43,"column":67}},"43":{"start":{"line":44,"column":0},"end":{"line":44,"column":14}},"44":{"start":{"line":45,"column":0},"end":{"line":45,"column":1}}},"s":{"2":115,"3":115,"4":115,"6":1,"7":115,"8":94,"9":94,"10":21,"11":21,"13":94,"14":94,"15":94,"17":94,"19":68,"20":94,"21":21,"22":94,"23":2,"24":94,"25":4,"26":94,"27":29,"28":94,"29":4,"30":94,"31":4,"32":94,"33":2,"34":94,"35":2,"36":94,"37":94,"39":21,"40":21,"41":13,"42":13,"43":1,"44":1},"branchMap":{"0":{"type":"branch","line":3,"loc":{"start":{"line":3,"column":0},"end":{"line":5,"column":1}},"locations":[{"start":{"line":3,"column":0},"end":{"line":5,"column":1}}]},"1":{"type":"branch","line":7,"loc":{"start":{"line":7,"column":7},"end":{"line":12,"column":1}},"locations":[{"start":{"line":7,"column":7},"end":{"line":12,"column":1}}]},"2":{"type":"branch","line":8,"loc":{"start":{"line":8,"column":25},"end":{"line":10,"column":3}},"locations":[{"start":{"line":8,"column":25},"end":{"line":10,"column":3}}]},"3":{"type":"branch","line":10,"loc":{"start":{"line":10,"column":2},"end":{"line":12,"column":1}},"locations":[{"start":{"line":10,"column":2},"end":{"line":12,"column":1}}]},"4":{"type":"branch","line":14,"loc":{"start":{"line":14,"column":0},"end":{"line":38,"column":1}},"locations":[{"start":{"line":14,"column":0},"end":{"line":38,"column":1}}]},"5":{"type":"branch","line":18,"loc":{"start":{"line":18,"column":24},"end":{"line":18,"column":36}},"locations":[{"start":{"line":18,"column":24},"end":{"line":18,"column":36}}]},"6":{"type":"branch","line":18,"loc":{"start":{"line":18,"column":31},"end":{"line":20,"column":20}},"locations":[{"start":{"line":18,"column":31},"end":{"line":20,"column":20}}]},"7":{"type":"branch","line":21,"loc":{"start":{"line":21,"column":4},"end":{"line":22,"column":22}},"locations":[{"start":{"line":21,"column":4},"end":{"line":22,"column":22}}]},"8":{"type":"branch","line":23,"loc":{"start":{"line":23,"column":4},"end":{"line":24,"column":22}},"locations":[{"start":{"line":23,"column":4},"end":{"line":24,"column":22}}]},"9":{"type":"branch","line":25,"loc":{"start":{"line":25,"column":4},"end":{"line":26,"column":72}},"locations":[{"start":{"line":25,"column":4},"end":{"line":26,"column":72}}]},"10":{"type":"branch","line":26,"loc":{"start":{"line":26,"column":27},"end":{"line":26,"column":65}},"locations":[{"start":{"line":26,"column":27},"end":{"line":26,"column":65}}]},"11":{"type":"branch","line":26,"loc":{"start":{"line":26,"column":53},"end":{"line":26,"column":72}},"locations":[{"start":{"line":26,"column":53},"end":{"line":26,"column":72}}]},"12":{"type":"branch","line":27,"loc":{"start":{"line":27,"column":4},"end":{"line":28,"column":73}},"locations":[{"start":{"line":27,"column":4},"end":{"line":28,"column":73}}]},"13":{"type":"branch","line":28,"loc":{"start":{"line":28,"column":27},"end":{"line":28,"column":65}},"locations":[{"start":{"line":28,"column":27},"end":{"line":28,"column":65}}]},"14":{"type":"branch","line":28,"loc":{"start":{"line":28,"column":53},"end":{"line":28,"column":73}},"locations":[{"start":{"line":28,"column":53},"end":{"line":28,"column":73}}]},"15":{"type":"branch","line":29,"loc":{"start":{"line":29,"column":4},"end":{"line":30,"column":72}},"locations":[{"start":{"line":29,"column":4},"end":{"line":30,"column":72}}]},"16":{"type":"branch","line":30,"loc":{"start":{"line":30,"column":27},"end":{"line":30,"column":65}},"locations":[{"start":{"line":30,"column":27},"end":{"line":30,"column":65}}]},"17":{"type":"branch","line":30,"loc":{"start":{"line":30,"column":53},"end":{"line":30,"column":72}},"locations":[{"start":{"line":30,"column":53},"end":{"line":30,"column":72}}]},"18":{"type":"branch","line":31,"loc":{"start":{"line":31,"column":4},"end":{"line":32,"column":73}},"locations":[{"start":{"line":31,"column":4},"end":{"line":32,"column":73}}]},"19":{"type":"branch","line":32,"loc":{"start":{"line":32,"column":27},"end":{"line":32,"column":65}},"locations":[{"start":{"line":32,"column":27},"end":{"line":32,"column":65}}]},"20":{"type":"branch","line":32,"loc":{"start":{"line":32,"column":53},"end":{"line":32,"column":73}},"locations":[{"start":{"line":32,"column":53},"end":{"line":32,"column":73}}]},"21":{"type":"branch","line":33,"loc":{"start":{"line":33,"column":4},"end":{"line":34,"column":64}},"locations":[{"start":{"line":33,"column":4},"end":{"line":34,"column":64}}]},"22":{"type":"branch","line":35,"loc":{"start":{"line":35,"column":4},"end":{"line":36,"column":64}},"locations":[{"start":{"line":35,"column":4},"end":{"line":36,"column":64}}]},"23":{"type":"branch","line":40,"loc":{"start":{"line":40,"column":0},"end":{"line":45,"column":1}},"locations":[{"start":{"line":40,"column":0},"end":{"line":45,"column":1}}]},"24":{"type":"branch","line":41,"loc":{"start":{"line":41,"column":31},"end":{"line":45,"column":1}},"locations":[{"start":{"line":41,"column":31},"end":{"line":45,"column":1}}]},"25":{"type":"branch","line":41,"loc":{"start":{"line":41,"column":81},"end":{"line":42,"column":38}},"locations":[{"start":{"line":41,"column":81},"end":{"line":42,"column":38}}]},"26":{"type":"branch","line":42,"loc":{"start":{"line":42,"column":31},"end":{"line":43,"column":38}},"locations":[{"start":{"line":42,"column":31},"end":{"line":43,"column":38}}]},"27":{"type":"branch","line":43,"loc":{"start":{"line":43,"column":31},"end":{"line":43,"column":67}},"locations":[{"start":{"line":43,"column":31},"end":{"line":43,"column":67}}]},"28":{"type":"branch","line":43,"loc":{"start":{"line":43,"column":66},"end":{"line":45,"column":1}},"locations":[{"start":{"line":43,"column":66},"end":{"line":45,"column":1}}]},"29":{"type":"branch","line":41,"loc":{"start":{"line":41,"column":54},"end":{"line":41,"column":81}},"locations":[{"start":{"line":41,"column":54},"end":{"line":41,"column":81}}]},"30":{"type":"branch","line":42,"loc":{"start":{"line":42,"column":53},"end":{"line":42,"column":80}},"locations":[{"start":{"line":42,"column":53},"end":{"line":42,"column":80}}]}},"b":{"0":[115],"1":[115],"2":[94],"3":[21],"4":[94],"5":[26],"6":[68],"7":[21],"8":[2],"9":[4],"10":[3],"11":[3],"12":[29],"13":[28],"14":[28],"15":[4],"16":[3],"17":[3],"18":[4],"19":[3],"20":[3],"21":[2],"22":[2],"23":[21],"24":[13],"25":[8],"26":[4],"27":[3],"28":[1],"29":[21],"30":[6]},"fnMap":{"0":{"name":"isCondition","decl":{"start":{"line":3,"column":0},"end":{"line":5,"column":1}},"loc":{"start":{"line":3,"column":0},"end":{"line":5,"column":1}},"line":3},"1":{"name":"evaluate","decl":{"start":{"line":7,"column":7},"end":{"line":12,"column":1}},"loc":{"start":{"line":7,"column":7},"end":{"line":12,"column":1}},"line":7},"2":{"name":"evaluateCondition","decl":{"start":{"line":14,"column":0},"end":{"line":38,"column":1}},"loc":{"start":{"line":14,"column":0},"end":{"line":38,"column":1}},"line":14},"3":{"name":"evaluateGroup","decl":{"start":{"line":40,"column":0},"end":{"line":45,"column":1}},"loc":{"start":{"line":40,"column":0},"end":{"line":45,"column":1}},"line":40}},"f":{"0":115,"1":115,"2":94,"3":21}}
,"/Users/wangdi/Documents/dev/pr-app/src/engine/decision.ts": {"path":"/Users/wangdi/Documents/dev/pr-app/src/engine/decision.ts","all":false,"statementMap":{"7":{"start":{"line":8,"column":0},"end":{"line":8,"column":42}},"9":{"start":{"line":10,"column":0},"end":{"line":10,"column":82}},"11":{"start":{"line":12,"column":0},"end":{"line":12,"column":31}},"12":{"start":{"line":13,"column":0},"end":{"line":13,"column":27}},"13":{"start":{"line":14,"column":0},"end":{"line":14,"column":25}},"14":{"start":{"line":15,"column":0},"end":{"line":15,"column":19}},"15":{"start":{"line":16,"column":0},"end":{"line":16,"column":21}},"16":{"start":{"line":17,"column":0},"end":{"line":17,"column":41}},"18":{"start":{"line":19,"column":0},"end":{"line":19,"column":37}},"19":{"start":{"line":20,"column":0},"end":{"line":20,"column":38}},"20":{"start":{"line":21,"column":0},"end":{"line":21,"column":37}},"21":{"start":{"line":22,"column":0},"end":{"line":22,"column":47}},"22":{"start":{"line":23,"column":0},"end":{"line":23,"column":21}},"23":{"start":{"line":24,"column":0},"end":{"line":24,"column":28}},"24":{"start":{"line":25,"column":0},"end":{"line":25,"column":12}},"25":{"start":{"line":26,"column":0},"end":{"line":26,"column":34}},"26":{"start":{"line":27,"column":0},"end":{"line":27,"column":37}},"27":{"start":{"line":28,"column":0},"end":{"line":28,"column":6}},"28":{"start":{"line":29,"column":0},"end":{"line":29,"column":3}},"30":{"start":{"line":31,"column":0},"end":{"line":31,"column":97}},"31":{"start":{"line":32,"column":0},"end":{"line":32,"column":1}}},"s":{"7":1,"9":1,"11":1,"12":8,"13":8,"14":8,"15":8,"16":8,"18":8,"19":24,"20":24,"21":22,"22":9,"23":9,"24":9,"25":9,"26":9,"27":9,"28":9,"30":8,"31":8},"branchMap":{"0":{"type":"branch","line":12,"loc":{"start":{"line":12,"column":7},"end":{"line":32,"column":1}},"locations":[{"start":{"line":12,"column":7},"end":{"line":32,"column":1}}]},"1":{"type":"branch","line":19,"loc":{"start":{"line":19,"column":36},"end":{"line":29,"column":3}},"locations":[{"start":{"line":19,"column":36},"end":{"line":29,"column":3}}]},"2":{"type":"branch","line":21,"loc":{"start":{"line":21,"column":29},"end":{"line":21,"column":37}},"locations":[{"start":{"line":21,"column":29},"end":{"line":21,"column":37}}]},"3":{"type":"branch","line":21,"loc":{"start":{"line":21,"column":29},"end":{"line":22,"column":47}},"locations":[{"start":{"line":21,"column":29},"end":{"line":22,"column":47}}]},"4":{"type":"branch","line":22,"loc":{"start":{"line":22,"column":39},"end":{"line":22,"column":47}},"locations":[{"start":{"line":22,"column":39},"end":{"line":22,"column":47}}]},"5":{"type":"branch","line":22,"loc":{"start":{"line":22,"column":39},"end":{"line":29,"column":3}},"locations":[{"start":{"line":22,"column":39},"end":{"line":29,"column":3}}]},"6":{"type":"branch","line":31,"loc":{"start":{"line":31,"column":25},"end":{"line":31,"column":96}},"locations":[{"start":{"line":31,"column":25},"end":{"line":31,"column":96}}]}},"b":{"0":[8],"1":[24],"2":[2],"3":[22],"4":[13],"5":[9],"6":[3]},"fnMap":{"0":{"name":"evaluateTracks","decl":{"start":{"line":12,"column":7},"end":{"line":32,"column":1}},"loc":{"start":{"line":12,"column":7},"end":{"line":32,"column":1}},"line":12}},"f":{"0":8}}
,"/Users/wangdi/Documents/dev/pr-app/src/engine/questionnaire.ts": {"path":"/Users/wangdi/Documents/dev/pr-app/src/engine/questionnaire.ts","all":false,"statementMap":{"1":{"start":{"line":2,"column":0},"end":{"line":2,"column":42}},"3":{"start":{"line":4,"column":0},"end":{"line":4,"column":90}},"4":{"start":{"line":5,"column":0},"end":{"line":5,"column":38}},"5":{"start":{"line":6,"column":0},"end":{"line":6,"column":42}},"6":{"start":{"line":7,"column":0},"end":{"line":7,"column":83}},"7":{"start":{"line":8,"column":0},"end":{"line":8,"column":3}},"8":{"start":{"line":9,"column":0},"end":{"line":9,"column":13}},"9":{"start":{"line":10,"column":0},"end":{"line":10,"column":1}}},"s":{"1":1,"3":1,"4":9,"5":15,"6":15,"7":15,"8":2,"9":2},"branchMap":{"0":{"type":"branch","line":4,"loc":{"start":{"line":4,"column":7},"end":{"line":10,"column":1}},"locations":[{"start":{"line":4,"column":7},"end":{"line":10,"column":1}}]},"1":{"type":"branch","line":5,"loc":{"start":{"line":5,"column":37},"end":{"line":8,"column":3}},"locations":[{"start":{"line":5,"column":37},"end":{"line":8,"column":3}}]},"2":{"type":"branch","line":6,"loc":{"start":{"line":6,"column":24},"end":{"line":6,"column":42}},"locations":[{"start":{"line":6,"column":24},"end":{"line":6,"column":42}}]},"3":{"type":"branch","line":6,"loc":{"start":{"line":6,"column":38},"end":{"line":7,"column":65}},"locations":[{"start":{"line":6,"column":38},"end":{"line":7,"column":65}}]},"4":{"type":"branch","line":7,"loc":{"start":{"line":7,"column":65},"end":{"line":7,"column":83}},"locations":[{"start":{"line":7,"column":65},"end":{"line":7,"column":83}}]},"5":{"type":"branch","line":8,"loc":{"start":{"line":8,"column":2},"end":{"line":10,"column":1}},"locations":[{"start":{"line":8,"column":2},"end":{"line":10,"column":1}}]}},"b":{"0":[9],"1":[15],"2":[3],"3":[12],"4":[4],"5":[2]},"fnMap":{"0":{"name":"nextQuestionId","decl":{"start":{"line":4,"column":7},"end":{"line":10,"column":1}},"loc":{"start":{"line":4,"column":7},"end":{"line":10,"column":1}},"line":4}},"f":{"0":9}}
,"/Users/wangdi/Documents/dev/pr-app/src/engine/resolution.ts": {"path":"/Users/wangdi/Documents/dev/pr-app/src/engine/resolution.ts","all":false,"statementMap":{"2":{"start":{"line":3,"column":0},"end":{"line":3,"column":58}},"3":{"start":{"line":4,"column":0},"end":{"line":4,"column":53}},"4":{"start":{"line":5,"column":0},"end":{"line":5,"column":1}}},"s":{"2":1,"3":5,"4":5},"branchMap":{"0":{"type":"branch","line":3,"loc":{"start":{"line":3,"column":7},"end":{"line":5,"column":1}},"locations":[{"start":{"line":3,"column":7},"end":{"line":5,"column":1}}]},"1":{"type":"branch","line":4,"loc":{"start":{"line":4,"column":34},"end":{"line":4,"column":52}},"locations":[{"start":{"line":4,"column":34},"end":{"line":4,"column":52}}]}},"b":{"0":[5],"1":[8]},"fnMap":{"0":{"name":"resolveDocuments","decl":{"start":{"line":3,"column":7},"end":{"line":5,"column":1}},"loc":{"start":{"line":3,"column":7},"end":{"line":5,"column":1}},"line":3}},"f":{"0":5}}
,"/Users/wangdi/Documents/dev/pr-app/src/types/index.ts": {"path":"/Users/wangdi/Documents/dev/pr-app/src/types/index.ts","all":false,"statementMap":{"0":{"start":{"line":1,"column":0},"end":{"line":1,"column":23}},"12":{"start":{"line":13,"column":0},"end":{"line":13,"column":84}},"15":{"start":{"line":16,"column":0},"end":{"line":16,"column":41}},"16":{"start":{"line":17,"column":0},"end":{"line":17,"column":18}},"17":{"start":{"line":18,"column":0},"end":{"line":18,"column":15}},"18":{"start":{"line":19,"column":0},"end":{"line":19,"column":21}},"19":{"start":{"line":20,"column":0},"end":{"line":20,"column":2}},"34":{"start":{"line":35,"column":0},"end":{"line":35,"column":73}},"35":{"start":{"line":36,"column":0},"end":{"line":36,"column":11}},"36":{"start":{"line":37,"column":0},"end":{"line":37,"column":20}},"37":{"start":{"line":38,"column":0},"end":{"line":38,"column":5}},"38":{"start":{"line":39,"column":0},"end":{"line":39,"column":15}},"39":{"start":{"line":40,"column":0},"end":{"line":40,"column":53}},"40":{"start":{"line":41,"column":0},"end":{"line":41,"column":53}},"41":{"start":{"line":42,"column":0},"end":{"line":42,"column":44}},"42":{"start":{"line":43,"column":0},"end":{"line":43,"column":8}},"43":{"start":{"line":44,"column":0},"end":{"line":44,"column":16}},"44":{"start":{"line":45,"column":0},"end":{"line":45,"column":5}},"45":{"start":{"line":46,"column":0},"end":{"line":46,"column":1}},"51":{"start":{"line":52,"column":0},"end":{"line":52,"column":104}},"54":{"start":{"line":55,"column":0},"end":{"line":55,"column":46}},"55":{"start":{"line":56,"column":0},"end":{"line":56,"column":20}},"56":{"start":{"line":57,"column":0},"end":{"line":57,"column":23}},"57":{"start":{"line":58,"column":0},"end":{"line":58,"column":2}},"60":{"start":{"line":61,"column":0},"end":{"line":61,"column":46}},"61":{"start":{"line":62,"column":0},"end":{"line":62,"column":37}},"62":{"start":{"line":63,"column":0},"end":{"line":63,"column":34}},"63":{"start":{"line":64,"column":0},"end":{"line":64,"column":19}},"64":{"start":{"line":65,"column":0},"end":{"line":65,"column":2}},"67":{"start":{"line":68,"column":0},"end":{"line":68,"column":40}},"68":{"start":{"line":69,"column":0},"end":{"line":69,"column":17}},"69":{"start":{"line":70,"column":0},"end":{"line":70,"column":27}},"70":{"start":{"line":71,"column":0},"end":{"line":71,"column":23}},"71":{"start":{"line":72,"column":0},"end":{"line":72,"column":52}},"72":{"start":{"line":73,"column":0},"end":{"line":73,"column":38}},"73":{"start":{"line":74,"column":0},"end":{"line":74,"column":2}},"80":{"start":{"line":81,"column":0},"end":{"line":81,"column":65}},"83":{"start":{"line":84,"column":0},"end":{"line":84,"column":44}},"84":{"start":{"line":85,"column":0},"end":{"line":85,"column":22}},"85":{"start":{"line":86,"column":0},"end":{"line":86,"column":28}},"86":{"start":{"line":87,"column":0},"end":{"line":87,"column":31}},"87":{"start":{"line":88,"column":0},"end":{"line":88,"column":2}},"90":{"start":{"line":91,"column":0},"end":{"line":91,"column":47}},"91":{"start":{"line":92,"column":0},"end":{"line":92,"column":37}},"92":{"start":{"line":93,"column":0},"end":{"line":93,"column":2}},"99":{"start":{"line":100,"column":0},"end":{"line":100,"column":66}},"102":{"start":{"line":103,"column":0},"end":{"line":103,"column":41}},"103":{"start":{"line":104,"column":0},"end":{"line":104,"column":17}},"104":{"start":{"line":105,"column":0},"end":{"line":105,"column":23}},"105":{"start":{"line":106,"column":0},"end":{"line":106,"column":33}},"106":{"start":{"line":107,"column":0},"end":{"line":107,"column":2}},"109":{"start":{"line":110,"column":0},"end":{"line":110,"column":37}},"110":{"start":{"line":111,"column":0},"end":{"line":111,"column":17}},"111":{"start":{"line":112,"column":0},"end":{"line":112,"column":23}},"112":{"start":{"line":113,"column":0},"end":{"line":113,"column":25}},"113":{"start":{"line":114,"column":0},"end":{"line":114,"column":28}},"114":{"start":{"line":115,"column":0},"end":{"line":115,"column":28}},"115":{"start":{"line":116,"column":0},"end":{"line":116,"column":31}},"116":{"start":{"line":117,"column":0},"end":{"line":117,"column":30}},"117":{"start":{"line":118,"column":0},"end":{"line":118,"column":39}},"118":{"start":{"line":119,"column":0},"end":{"line":119,"column":2}},"138":{"start":{"line":139,"column":0},"end":{"line":139,"column":44}},"139":{"start":{"line":140,"column":0},"end":{"line":140,"column":17}},"140":{"start":{"line":141,"column":0},"end":{"line":141,"column":23}},"141":{"start":{"line":142,"column":0},"end":{"line":142,"column":21}},"142":{"start":{"line":143,"column":0},"end":{"line":143,"column":27}},"143":{"start":{"line":144,"column":0},"end":{"line":144,"column":29}},"144":{"start":{"line":145,"column":0},"end":{"line":145,"column":45}},"145":{"start":{"line":146,"column":0},"end":{"line":146,"column":2}}},"s":{"0":1,"12":1,"15":1,"16":1,"17":1,"18":1,"19":1,"34":1,"35":1,"36":1,"37":1,"38":1,"39":1,"40":1,"41":1,"42":1,"43":1,"44":1,"45":1,"51":1,"54":1,"55":1,"56":1,"57":1,"60":1,"61":1,"62":1,"63":1,"64":1,"67":1,"68":1,"69":1,"70":1,"71":1,"72":1,"73":1,"80":1,"83":1,"84":1,"85":1,"86":1,"87":1,"90":1,"91":1,"92":1,"99":1,"102":1,"103":1,"104":1,"105":1,"106":1,"109":1,"110":1,"111":1,"112":1,"113":1,"114":1,"115":1,"116":1,"117":1,"118":1,"138":1,"139":1,"140":1,"141":1,"142":1,"143":1,"144":1,"145":1},"branchMap":{"0":{"type":"branch","line":35,"loc":{"start":{"line":35,"column":68},"end":{"line":45,"column":5}},"locations":[{"start":{"line":35,"column":68},"end":{"line":45,"column":5}}]}},"b":{"0":[1]},"fnMap":{},"f":{}}
}
